0 info it worked if it ends with ok
1 verbose cli [ '/Users/jonahss/.nvm/versions/io.js/v1.6.4/bin/iojs',
1 verbose cli   '/Users/jonahss/.nvm/versions/io.js/v1.6.4/bin/npm',
1 verbose cli   'publish' ]
2 info using npm@2.7.5
3 info using node@v1.6.4
4 verbose publish [ '.' ]
5 silly cache add args [ '.', null ]
6 verbose cache add spec .
7 silly cache add parsed spec { raw: '.',
7 silly cache add   scope: null,
7 silly cache add   name: null,
7 silly cache add   rawSpec: '.',
7 silly cache add   spec: '/Users/jonahss/Workspace/SafariLauncher',
7 silly cache add   type: 'directory' }
8 verbose addLocalDirectory /Users/jonahss/.npm/safari-launcher/2.0.0/package.tgz not in flight; packing
9 verbose tar pack [ '/Users/jonahss/.npm/safari-launcher/2.0.0/package.tgz',
9 verbose tar pack   '/Users/jonahss/Workspace/SafariLauncher' ]
10 verbose tarball /Users/jonahss/.npm/safari-launcher/2.0.0/package.tgz
11 verbose folder /Users/jonahss/Workspace/SafariLauncher
12 info prepublish safari-launcher@2.0.0
13 verbose addLocalTarball adding from inside cache /Users/jonahss/.npm/safari-launcher/2.0.0/package.tgz
14 silly cache afterAdd safari-launcher@2.0.0
15 verbose afterAdd /Users/jonahss/.npm/safari-launcher/2.0.0/package/package.json not in flight; writing
16 verbose afterAdd /Users/jonahss/.npm/safari-launcher/2.0.0/package/package.json written
17 silly publish { name: 'safari-launcher',
17 silly publish   version: '2.0.0',
17 silly publish   description: 'iOS app that launches Safari after a delay',
17 silly publish   main: 'build/Debug-iphoneos/SafariLauncher.zip',
17 silly publish   repository:
17 silly publish    { type: 'git',
17 silly publish      url: 'https://github.com/snevesbarros/SafariLauncher.git' },
17 silly publish   keywords: [ 'appium', 'ios', 'safari' ],
17 silly publish   author: { name: 'http://github.com/budhash' },
17 silly publish   license: 'apache-2.0',
17 silly publish   bugs: { url: 'https://github.com/snevesbarros/SafariLauncher/issues' },
17 silly publish   homepage: 'https://github.com/snevesbarros/SafariLauncher',
17 silly publish   contributors:
17 silly publish    [ { name: 'Authors ordered by first contribution' },
17 silly publish      { name: 'Budhaditya Das', email: 'budhash@gmail.com' } ],
17 silly publish   readme: '# SafariLauncher\n\nA simple IOS application that automatically launches Mobile Safari after a certain delay. This application is intended to be used with appium for running Web Tests on real IOS devices\n',
17 silly publish   readmeFilename: 'README.md',
17 silly publish   gitHead: 'e6180d9f5d19ce70068b5902f8463281e0435e44',
17 silly publish   _id: 'safari-launcher@2.0.0',
17 silly publish   scripts: {},
17 silly publish   _shasum: 'c988756cc2522acbee4abe10661e73296d40275e',
17 silly publish   _from: '.' }
18 silly mapToRegistry name safari-launcher
19 silly mapToRegistry using default registry
20 silly mapToRegistry registry https://registry.npmjs.org/
21 silly mapToRegistry uri https://registry.npmjs.org/safari-launcher
22 verbose publish registryBase https://registry.npmjs.org/
23 silly publish uploading /Users/jonahss/.npm/safari-launcher/2.0.0/package.tgz
24 verbose request uri https://registry.npmjs.org/safari-launcher
25 verbose request sending authorization for write operation
26 info attempt registry request try #1 at 11:56:35
27 verbose request id 885cbdbb45984a4c
28 http request PUT https://registry.npmjs.org/safari-launcher
29 http 403 https://registry.npmjs.org/safari-launcher
30 verbose headers { date: 'Wed, 29 Apr 2015 18:56:35 GMT',
30 verbose headers   server: 'Apache',
30 verbose headers   'content-type': 'application/json',
30 verbose headers   'cache-control': 'max-age=60',
30 verbose headers   'content-length': '95',
30 verbose headers   'accept-ranges': 'bytes',
30 verbose headers   via: '1.1 varnish',
30 verbose headers   'x-served-by': 'cache-sjc3129-SJC',
30 verbose headers   'x-cache': 'MISS',
30 verbose headers   'x-cache-hits': '0',
30 verbose headers   'x-timer': 'S1430333795.515373,VS0,VE209',
30 verbose headers   'keep-alive': 'timeout=10, max=50',
30 verbose headers   connection: 'Keep-Alive' }
31 verbose request invalidating /Users/jonahss/.npm/registry.npmjs.org/safari-launcher on PUT
32 error publish Failed PUT 403
33 verbose stack Error: "You cannot publish over the previously published version 2.0.0." : safari-launcher
33 verbose stack     at CachingRegistryClient.<anonymous> (/Users/jonahss/.nvm/versions/io.js/v1.6.4/lib/node_modules/npm/node_modules/npm-registry-client/lib/request.js:247:14)
33 verbose stack     at Request._callback (/Users/jonahss/.nvm/versions/io.js/v1.6.4/lib/node_modules/npm/node_modules/npm-registry-client/lib/request.js:170:14)
33 verbose stack     at Request.self.callback (/Users/jonahss/.nvm/versions/io.js/v1.6.4/lib/node_modules/npm/node_modules/request/request.js:360:22)
33 verbose stack     at emitTwo (events.js:87:13)
33 verbose stack     at Request.emit (events.js:169:7)
33 verbose stack     at Request.<anonymous> (/Users/jonahss/.nvm/versions/io.js/v1.6.4/lib/node_modules/npm/node_modules/request/request.js:1202:14)
33 verbose stack     at emitOne (events.js:82:20)
33 verbose stack     at Request.emit (events.js:166:7)
33 verbose stack     at IncomingMessage.<anonymous> (/Users/jonahss/.nvm/versions/io.js/v1.6.4/lib/node_modules/npm/node_modules/request/request.js:1150:12)
33 verbose stack     at emitNone (events.js:72:20)
34 verbose statusCode 403
35 verbose pkgid safari-launcher
36 verbose cwd /Users/jonahss/Workspace/SafariLauncher
37 error Darwin 14.3.0
38 error argv "/Users/jonahss/.nvm/versions/io.js/v1.6.4/bin/iojs" "/Users/jonahss/.nvm/versions/io.js/v1.6.4/bin/npm" "publish"
39 error node v1.6.4
40 error npm  v2.7.5
41 error code E403
42 error "You cannot publish over the previously published version 2.0.0." : safari-launcher
43 error If you need help, you may report this error at:
43 error     <https://github.com/npm/npm/issues>
44 verbose exit [ 1, true ]
